c:\users\pipen\onedrive\escritorio\ed22-01-gallardo\ed22-01-gallardo\proyecto\ed-22-01-gallardo\pruebas1\x64\release\vc143.pdb
c:\users\pipen\onedrive\escritorio\ed22-01-gallardo\ed22-01-gallardo\proyecto\ed-22-01-gallardo\pruebas1\x64\release\people.obj
c:\users\pipen\onedrive\escritorio\ed22-01-gallardo\ed22-01-gallardo\proyecto\ed-22-01-gallardo\pruebas1\x64\release\nodo.obj
c:\users\pipen\onedrive\escritorio\ed22-01-gallardo\ed22-01-gallardo\proyecto\ed-22-01-gallardo\pruebas1\x64\release\main.obj
c:\users\pipen\onedrive\escritorio\ed22-01-gallardo\ed22-01-gallardo\proyecto\ed-22-01-gallardo\pruebas1\x64\release\detector.obj
c:\users\pipen\onedrive\escritorio\ed22-01-gallardo\ed22-01-gallardo\proyecto\ed-22-01-gallardo\pruebas1\x64\release\linkedlist.obj
c:\users\pipen\onedrive\escritorio\ed22-01-gallardo\ed22-01-gallardo\proyecto\ed-22-01-gallardo\pruebas1\x64\release\detectorpeople.obj
c:\users\pipen\onedrive\escritorio\ed22-01-gallardo\ed22-01-gallardo\proyecto\ed-22-01-gallardo\pruebas1\x64\release\detectorpersonas.obj
c:\users\pipen\onedrive\escritorio\ed22-01-gallardo\ed22-01-gallardo\proyecto\ed-22-01-gallardo\x64\release\ed22-01-gallardo.exe
c:\users\pipen\onedrive\escritorio\ed22-01-gallardo\ed22-01-gallardo\proyecto\ed-22-01-gallardo\pruebas1\x64\release\ed22-01-gallardo.ipdb
c:\users\pipen\onedrive\escritorio\ed22-01-gallardo\ed22-01-gallardo\proyecto\ed-22-01-gallardo\x64\release\ed22-01-gallardo.pdb
c:\users\pipen\onedrive\escritorio\ed22-01-gallardo\ed22-01-gallardo\proyecto\ed-22-01-gallardo\pruebas1\x64\release\ed22-01-gallardo.iobj
c:\users\pipen\onedrive\escritorio\ed22-01-gallardo\ed22-01-gallardo\proyecto\ed-22-01-gallardo\pruebas1\x64\release\pruebas1.ipdb
c:\users\pipen\onedrive\escritorio\ed22-01-gallardo\ed22-01-gallardo\proyecto\ed-22-01-gallardo\pruebas1\x64\release\pruebas1.iobj
c:\users\pipen\onedrive\escritorio\ed22-01-gallardo\ed22-01-gallardo\proyecto\ed-22-01-gallardo\pruebas1\x64\release\ed22-01-gallardo.tlog\cl.command.1.tlog
c:\users\pipen\onedrive\escritorio\ed22-01-gallardo\ed22-01-gallardo\proyecto\ed-22-01-gallardo\pruebas1\x64\release\ed22-01-gallardo.tlog\cl.read.1.tlog
c:\users\pipen\onedrive\escritorio\ed22-01-gallardo\ed22-01-gallardo\proyecto\ed-22-01-gallardo\pruebas1\x64\release\ed22-01-gallardo.tlog\cl.write.1.tlog
c:\users\pipen\onedrive\escritorio\ed22-01-gallardo\ed22-01-gallardo\proyecto\ed-22-01-gallardo\pruebas1\x64\release\ed22-01-gallardo.tlog\link.command.1.tlog
c:\users\pipen\onedrive\escritorio\ed22-01-gallardo\ed22-01-gallardo\proyecto\ed-22-01-gallardo\pruebas1\x64\release\ed22-01-gallardo.tlog\link.read.1.tlog
c:\users\pipen\onedrive\escritorio\ed22-01-gallardo\ed22-01-gallardo\proyecto\ed-22-01-gallardo\pruebas1\x64\release\ed22-01-gallardo.tlog\link.write.1.tlog
